<?xml version="1.0" encoding="UTF-8"?>
<testng-results skipped="0" failed="1" total="3" passed="2">
  <reporter-output>
  </reporter-output>
  <suite name="Suite1" duration-ms="249750" started-at="2016-03-16T05:35:31Z" finished-at="2016-03-16T05:39:41Z">
    <groups>
    </groups>
    <test name="TestLoginapp" duration-ms="98253" started-at="2016-03-16T05:35:31Z" finished-at="2016-03-16T05:37:10Z">
      <class name="TestPackage.TestLoginapp">
        <test-method status="PASS" signature="beforeTest()[pri:0, instance:TestPackage.TestLoginapp@34340fab]" name="beforeTest" is-config="true" duration-ms="7994" started-at="2016-03-16T11:05:31Z" finished-at="2016-03-16T11:05:39Z">
          <reporter-output>
          </reporter-output>
        </test-method> <!-- beforeTest -->
        <test-method status="PASS" signature="LoginIntoApp()[pri:0, instance:TestPackage.TestLoginapp@34340fab]" name="LoginIntoApp" duration-ms="88437" started-at="2016-03-16T11:05:39Z" finished-at="2016-03-16T11:07:08Z">
          <reporter-output>
          </reporter-output>
        </test-method> <!-- LoginIntoApp -->
        <test-method status="PASS" signature="afterTest()[pri:0, instance:TestPackage.TestLoginapp@34340fab]" name="afterTest" is-config="true" duration-ms="1799" started-at="2016-03-16T11:07:08Z" finished-at="2016-03-16T11:07:10Z">
          <reporter-output>
          </reporter-output>
        </test-method> <!-- afterTest -->
      </class> <!-- TestPackage.TestLoginapp -->
    </test> <!-- TestLoginapp -->
    <test name="TestLoginapp1" duration-ms="72808" started-at="2016-03-16T05:37:10Z" finished-at="2016-03-16T05:38:22Z">
      <class name="TestPackage.TestLoginapp1">
        <test-method status="PASS" signature="beforeTest()[pri:0, instance:TestPackage.TestLoginapp1@2ff4f00f]" name="beforeTest" is-config="true" duration-ms="8221" started-at="2016-03-16T11:07:10Z" finished-at="2016-03-16T11:07:18Z">
          <reporter-output>
          </reporter-output>
        </test-method> <!-- beforeTest -->
        <test-method status="PASS" signature="LoginIntoApp1()[pri:0, instance:TestPackage.TestLoginapp1@2ff4f00f]" name="LoginIntoApp1" duration-ms="63074" started-at="2016-03-16T11:07:18Z" finished-at="2016-03-16T11:08:21Z">
          <reporter-output>
          </reporter-output>
        </test-method> <!-- LoginIntoApp1 -->
        <test-method status="PASS" signature="afterTest()[pri:0, instance:TestPackage.TestLoginapp1@2ff4f00f]" name="afterTest" is-config="true" duration-ms="1512" started-at="2016-03-16T11:08:21Z" finished-at="2016-03-16T11:08:22Z">
          <reporter-output>
          </reporter-output>
        </test-method> <!-- afterTest -->
      </class> <!-- TestPackage.TestLoginapp1 -->
    </test> <!-- TestLoginapp1 -->
    <test name="TestloginApp2" duration-ms="78639" started-at="2016-03-16T05:38:22Z" finished-at="2016-03-16T05:39:41Z">
      <class name="TestPackage.TestloginApp2">
        <test-method status="PASS" signature="beforeTest()[pri:0, instance:TestPackage.TestloginApp2@2c8d66b2]" name="beforeTest" is-config="true" duration-ms="6374" started-at="2016-03-16T11:08:22Z" finished-at="2016-03-16T11:08:29Z">
          <reporter-output>
          </reporter-output>
        </test-method> <!-- beforeTest -->
        <test-method status="FAIL" signature="LoginIntoApp2()[pri:0, instance:TestPackage.TestloginApp2@2c8d66b2]" name="LoginIntoApp2" duration-ms="70498" started-at="2016-03-16T11:08:29Z" finished-at="2016-03-16T11:09:39Z">
          <exception class="java.lang.AssertionError">
            <message>
              <![CDATA[expected [Logout] but found [Logout
Pradeep Kumar Premium
MY MEMBERSHIP
My Profile
My Business
Renew Membership
MY LOCALITY GUIDE
Search Listing
MY EVENT
Enter New Event
Edit Entry
Pay
MY HISTORY
Events
Invoices
MY RESOURCES
Resources
Help
MY STORE
iCompete INBA
Contest Prep Course
LIFT-iQ
Privacy - Terms - Safety - Code of Ethics - Help - Advertising
iCompete Natural @ 2016
Use our Filter to connect with the Fitness Community most important to you! View posts from...
Global
select
Add Photos
                     Post
new5 user
16 hours ago
my fail post5

1 Comment
Fan
Comment
Pradeep Kumar Premium
2 days ago

1 Fan
1 Comment
Fan
Comment
Pradeep Kumar Premium
2 days ago
Testing text post

1 Heart
Fan
Comment
Pradeep Kumar Premium
2 days ago
Boys Posing

1 Heart
Fan
Comment
Ayush Singh
2 days ago
Image Click by Ayush

Fan
Comment
Pradeep Kumar Premium
2 days ago
This is only testing

1 Fan
1 Heart
Fan
Comment
Pradeep Kumar Premium
2 days ago

1 Comment
Fan
Comment
Michael davies
6 days ago
https://www.facebook.com/Filmygyan7/photos/a.472827909481640.1073741825.334718749959224/1047459755351783/?type=3&theater

2 Fans
Fan
Comment
Imran Kiyani Premium
6 days ago
https://www.facebook.com/Filmygyan7/photos/a.472827909481640.1073741825.334718749959224/1047459755351783/?type=3&theater

Fan
Comment
Imran Kiyani Premium
6 days ago
test

Fan
Comment
Events
Email Event
16 Mar 2016Testing Grounds
Sydney Time Check Event
16 Mar 2016Sydney
Test Event Perth
16 Mar 20162016
Darwin Physique Titles
2 Apr 2016Darwin Entertainment CentreNT, Australia
problem testing
15 May 2016Sleeman Sports Complex
View all events (Step 2)
Feedback]]]>
            </message>
            <full-stacktrace>
              <![CDATA[java.lang.AssertionError: expected [Logout] but found [Logout
Pradeep Kumar Premium
MY MEMBERSHIP
My Profile
My Business
Renew Membership
MY LOCALITY GUIDE
Search Listing
MY EVENT
Enter New Event
Edit Entry
Pay
MY HISTORY
Events
Invoices
MY RESOURCES
Resources
Help
MY STORE
iCompete INBA
Contest Prep Course
LIFT-iQ
Privacy - Terms - Safety - Code of Ethics - Help - Advertising
iCompete Natural @ 2016
Use our Filter to connect with the Fitness Community most important to you! View posts from...
Global
select
Add Photos
                     Post
new5 user
16 hours ago
my fail post5

1 Comment
Fan
Comment
Pradeep Kumar Premium
2 days ago

1 Fan
1 Comment
Fan
Comment
Pradeep Kumar Premium
2 days ago
Testing text post

1 Heart
Fan
Comment
Pradeep Kumar Premium
2 days ago
Boys Posing

1 Heart
Fan
Comment
Ayush Singh
2 days ago
Image Click by Ayush

Fan
Comment
Pradeep Kumar Premium
2 days ago
This is only testing

1 Fan
1 Heart
Fan
Comment
Pradeep Kumar Premium
2 days ago

1 Comment
Fan
Comment
Michael davies
6 days ago
https://www.facebook.com/Filmygyan7/photos/a.472827909481640.1073741825.334718749959224/1047459755351783/?type=3&theater

2 Fans
Fan
Comment
Imran Kiyani Premium
6 days ago
https://www.facebook.com/Filmygyan7/photos/a.472827909481640.1073741825.334718749959224/1047459755351783/?type=3&theater

Fan
Comment
Imran Kiyani Premium
6 days ago
test

Fan
Comment
Events
Email Event
16 Mar 2016Testing Grounds
Sydney Time Check Event
16 Mar 2016Sydney
Test Event Perth
16 Mar 20162016
Darwin Physique Titles
2 Apr 2016Darwin Entertainment CentreNT, Australia
problem testing
15 May 2016Sleeman Sports Complex
View all events (Step 2)
Feedback]
	at org.testng.Assert.fail(Assert.java:94)
	at org.testng.Assert.failNotEquals(Assert.java:494)
	at org.testng.Assert.assertEquals(Assert.java:123)
	at org.testng.Assert.assertEquals(Assert.java:176)
	at org.testng.Assert.assertEquals(Assert.java:186)
	at TestPackage.TestloginApp2.LoginIntoApp2(TestloginApp2.java:36)
	at sun.reflect.NativeMethodAccessorImpl.invoke0(Native Method)
	at sun.reflect.NativeMethodAccessorImpl.invoke(NativeMethodAccessorImpl.java:62)
	at sun.reflect.DelegatingMethodAccessorImpl.invoke(DelegatingMethodAccessorImpl.java:43)
	at java.lang.reflect.Method.invoke(Method.java:497)
	at org.testng.internal.MethodInvocationHelper.invokeMethod(MethodInvocationHelper.java:84)
	at org.testng.internal.Invoker.invokeMethod(Invoker.java:714)
	at org.testng.internal.Invoker.invokeTestMethod(Invoker.java:901)
	at org.testng.internal.Invoker.invokeTestMethods(Invoker.java:1231)
	at org.testng.internal.TestMethodWorker.invokeTestMethods(TestMethodWorker.java:127)
	at org.testng.internal.TestMethodWorker.run(TestMethodWorker.java:111)
	at org.testng.TestRunner.privateRun(TestRunner.java:767)
	at org.testng.TestRunner.run(TestRunner.java:617)
	at org.testng.SuiteRunner.runTest(SuiteRunner.java:334)
	at org.testng.SuiteRunner.runSequentially(SuiteRunner.java:329)
	at org.testng.SuiteRunner.privateRun(SuiteRunner.java:291)
	at org.testng.SuiteRunner.run(SuiteRunner.java:240)
	at org.testng.SuiteRunnerWorker.runSuite(SuiteRunnerWorker.java:52)
	at org.testng.SuiteRunnerWorker.run(SuiteRunnerWorker.java:86)
	at org.testng.TestNG.runSuitesSequentially(TestNG.java:1224)
	at org.testng.TestNG.runSuitesLocally(TestNG.java:1149)
	at org.testng.TestNG.run(TestNG.java:1057)
	at org.testng.TestNG.privateMain(TestNG.java:1364)
	at org.testng.TestNG.main(TestNG.java:1333)
]]>
            </full-stacktrace>
          </exception> <!-- java.lang.AssertionError -->
          <reporter-output>
          </reporter-output>
        </test-method> <!-- LoginIntoApp2 -->
        <test-method status="PASS" signature="afterTest()[pri:0, instance:TestPackage.TestloginApp2@2c8d66b2]" name="afterTest" is-config="true" duration-ms="1766" started-at="2016-03-16T11:09:39Z" finished-at="2016-03-16T11:09:41Z">
          <reporter-output>
          </reporter-output>
        </test-method> <!-- afterTest -->
      </class> <!-- TestPackage.TestloginApp2 -->
    </test> <!-- TestloginApp2 -->
  </suite> <!-- Suite1 -->
</testng-results>
