<?xml version="1.0" encoding="UTF-8"?>
<!-- Generated by org.testng.reporters.JUnitReportReporter -->
<testsuite hostname="Roshan-VAIO" name="TestPackage.TestloginApp2" tests="1" failures="0" timestamp="17 Mar 2016 06:30:26 GMT" time="43.861" errors="1">
  <testcase name="LoginIntoApp2" time="43.861" classname="TestPackage.TestloginApp2">
    <error type="java.lang.AssertionError" message="expected [Logout] but found [Logout
Pradeep Kumar Premium
MY MEMBERSHIP
My Profile
My Business
Renew Membership
MY LOCALITY GUIDE
Search Listing
MY EVENT
Enter New Event
Edit Entry
Pay
MY HISTORY
Events
Invoices
MY RESOURCES
Resources
Help
MY STORE
iCompete INBA
Contest Prep Course
LIFT-iQ
Privacy - Terms - Safety - Code of Ethics - Help - Advertising
iCompete Natural @ 2016
Use our Filter to connect with the Fitness Community most important to you! View posts from...
Global
select
Add Photos
                     Post
Events
Email Event
16 Mar 2016Testing Grounds
Test Event Perth
16 Mar 20162016
In Person Payments Only
17 Mar 20162016
Test Event Melbourne
30 Mar 20162016
Darwin Physique Titles
2 Apr 2016Darwin Entertainment CentreNT, Australia
View all events (Step 2)
Feedback]">
      <![CDATA[java.lang.AssertionError: expected [Logout] but found [Logout
Pradeep Kumar Premium
MY MEMBERSHIP
My Profile
My Business
Renew Membership
MY LOCALITY GUIDE
Search Listing
MY EVENT
Enter New Event
Edit Entry
Pay
MY HISTORY
Events
Invoices
MY RESOURCES
Resources
Help
MY STORE
iCompete INBA
Contest Prep Course
LIFT-iQ
Privacy - Terms - Safety - Code of Ethics - Help - Advertising
iCompete Natural @ 2016
Use our Filter to connect with the Fitness Community most important to you! View posts from...
Global
select
Add Photos
                     Post
Events
Email Event
16 Mar 2016Testing Grounds
Test Event Perth
16 Mar 20162016
In Person Payments Only
17 Mar 20162016
Test Event Melbourne
30 Mar 20162016
Darwin Physique Titles
2 Apr 2016Darwin Entertainment CentreNT, Australia
View all events (Step 2)
Feedback]
	at org.testng.Assert.fail(Assert.java:94)
	at org.testng.Assert.failNotEquals(Assert.java:494)
	at org.testng.Assert.assertEquals(Assert.java:123)
	at org.testng.Assert.assertEquals(Assert.java:176)
	at org.testng.Assert.assertEquals(Assert.java:186)
	at TestPackage.TestloginApp2.LoginIntoApp2(TestloginApp2.java:36)
	at sun.reflect.NativeMethodAccessorImpl.invoke0(Native Method)
	at sun.reflect.NativeMethodAccessorImpl.invoke(Unknown Source)
	at sun.reflect.DelegatingMethodAccessorImpl.invoke(Unknown Source)
	at java.lang.reflect.Method.invoke(Unknown Source)
	at org.testng.internal.MethodInvocationHelper.invokeMethod(MethodInvocationHelper.java:84)
	at org.testng.internal.Invoker.invokeMethod(Invoker.java:714)
	at org.testng.internal.Invoker.invokeTestMethod(Invoker.java:901)
	at org.testng.internal.Invoker.invokeTestMethods(Invoker.java:1231)
	at org.testng.internal.TestMethodWorker.invokeTestMethods(TestMethodWorker.java:127)
	at org.testng.internal.TestMethodWorker.run(TestMethodWorker.java:111)
	at org.testng.TestRunner.privateRun(TestRunner.java:767)
	at org.testng.TestRunner.run(TestRunner.java:617)
	at org.testng.SuiteRunner.runTest(SuiteRunner.java:334)
	at org.testng.SuiteRunner.runSequentially(SuiteRunner.java:329)
	at org.testng.SuiteRunner.privateRun(SuiteRunner.java:291)
	at org.testng.SuiteRunner.run(SuiteRunner.java:240)
	at org.testng.SuiteRunnerWorker.runSuite(SuiteRunnerWorker.java:52)
	at org.testng.SuiteRunnerWorker.run(SuiteRunnerWorker.java:86)
	at org.testng.TestNG.runSuitesSequentially(TestNG.java:1224)
	at org.testng.TestNG.runSuitesLocally(TestNG.java:1149)
	at org.testng.TestNG.run(TestNG.java:1057)
	at org.testng.TestNG.privateMain(TestNG.java:1364)
	at org.testng.TestNG.main(TestNG.java:1333)
]]>
    </error>
  </testcase> <!-- LoginIntoApp2 -->
</testsuite> <!-- TestPackage.TestloginApp2 -->
